0 info it worked if it ends with ok
1 verbose cli [ 'D:\\dev\\windows\\tools\\nodejs-v5.9.0\\node.exe',
1 verbose cli   'D:\\dev\\windows\\tools\\nodejs-v5.9.0\\node_modules\\npm\\bin\\npm-cli.js',
1 verbose cli   'start' ]
2 info using npm@3.7.3
3 info using node@v5.9.0
4 verbose run-script [ 'prestart', 'start', 'poststart' ]
5 info lifecycle ps-redux@1.0.0~prestart: ps-redux@1.0.0
6 verbose lifecycle ps-redux@1.0.0~prestart: unsafe-perm in lifecycle true
7 verbose lifecycle ps-redux@1.0.0~prestart: PATH: D:\dev\windows\tools\nodejs-v5.9.0\node_modules\npm\bin\node-gyp-bin;D:\projects\reference-applications\javascript-reference-application\frameworks-and-libraries\reactjs\react-redux-react-router-es6\node_modules\.bin;D:\dev\windows\tools\nodejs-v5.9.0;C:\ProgramData\Oracle\Java\javapath;C:\WINDOWS\system32;C:\WINDOWS;C:\WINDOWS\System32\Wbem;C:\WINDOWS\System32\WindowsPowerShell\v1.0\;C:\Program Files\Java\jdk1.8.0_60\bin;D:\dev\windows\tools\apache-maven-3.3.3\bin;D:\dev\windows\tools\gradle-2.10\bin;D:\dev\windows\tools\tortoise-svn-v1.9.2-x64\bin;C:\WINDOWS\system32\config\systemprofile\.dnx\bin;C:\Program Files\Microsoft DNX\Dnvm\;C:\Program Files\Microsoft SQL Server\Client SDK\ODBC\110\Tools\Binn\;C:\Program Files (x86)\Microsoft SQL Server\120\Tools\Binn\;C:\Program Files\Microsoft SQL Server\120\Tools\Binn\;C:\Program Files\Microsoft SQL Server\120\DTS\Binn\;C:\Program Files (x86)\Microsoft SQL Server\120\Tools\Binn\ManagementStudio\;C:\Program Files (x86)\Microsoft SQL Server\120\DTS\Binn\;C:\Program Files\Microsoft SQL Server\110\Tools\Binn\;C:\Program Files\Microsoft\Web Platform Installer\;D:\dev\windows\tools\git-v2.6.2-x64\cmd;D:\dev\windows\tools\nodejs-v5.9.0\;C:\Program Files (x86)\Skype\Phone\;D:\dev\windows\tools\brackets-with-extract-v1.7\command;C:\Users\Nuwan\.dnx\bin;C:\Users\Nuwan\AppData\Roaming\npm;C:\Users\Nuwan\AppData\Local\Microsoft\WindowsApps;;D:\dev\windows\tools\microsoft-visual-studio-code\bin
8 verbose lifecycle ps-redux@1.0.0~prestart: CWD: D:\projects\reference-applications\javascript-reference-application\frameworks-and-libraries\reactjs\react-redux-react-router-es6
9 silly lifecycle ps-redux@1.0.0~prestart: Args: [ '/d /s /c', 'babel-node tools/startMessage.js' ]
10 silly lifecycle ps-redux@1.0.0~prestart: Returned: code: 0  signal: null
11 info lifecycle ps-redux@1.0.0~start: ps-redux@1.0.0
12 verbose lifecycle ps-redux@1.0.0~start: unsafe-perm in lifecycle true
13 verbose lifecycle ps-redux@1.0.0~start: PATH: D:\dev\windows\tools\nodejs-v5.9.0\node_modules\npm\bin\node-gyp-bin;D:\projects\reference-applications\javascript-reference-application\frameworks-and-libraries\reactjs\react-redux-react-router-es6\node_modules\.bin;D:\dev\windows\tools\nodejs-v5.9.0;C:\ProgramData\Oracle\Java\javapath;C:\WINDOWS\system32;C:\WINDOWS;C:\WINDOWS\System32\Wbem;C:\WINDOWS\System32\WindowsPowerShell\v1.0\;C:\Program Files\Java\jdk1.8.0_60\bin;D:\dev\windows\tools\apache-maven-3.3.3\bin;D:\dev\windows\tools\gradle-2.10\bin;D:\dev\windows\tools\tortoise-svn-v1.9.2-x64\bin;C:\WINDOWS\system32\config\systemprofile\.dnx\bin;C:\Program Files\Microsoft DNX\Dnvm\;C:\Program Files\Microsoft SQL Server\Client SDK\ODBC\110\Tools\Binn\;C:\Program Files (x86)\Microsoft SQL Server\120\Tools\Binn\;C:\Program Files\Microsoft SQL Server\120\Tools\Binn\;C:\Program Files\Microsoft SQL Server\120\DTS\Binn\;C:\Program Files (x86)\Microsoft SQL Server\120\Tools\Binn\ManagementStudio\;C:\Program Files (x86)\Microsoft SQL Server\120\DTS\Binn\;C:\Program Files\Microsoft SQL Server\110\Tools\Binn\;C:\Program Files\Microsoft\Web Platform Installer\;D:\dev\windows\tools\git-v2.6.2-x64\cmd;D:\dev\windows\tools\nodejs-v5.9.0\;C:\Program Files (x86)\Skype\Phone\;D:\dev\windows\tools\brackets-with-extract-v1.7\command;C:\Users\Nuwan\.dnx\bin;C:\Users\Nuwan\AppData\Roaming\npm;C:\Users\Nuwan\AppData\Local\Microsoft\WindowsApps;;D:\dev\windows\tools\microsoft-visual-studio-code\bin
14 verbose lifecycle ps-redux@1.0.0~start: CWD: D:\projects\reference-applications\javascript-reference-application\frameworks-and-libraries\reactjs\react-redux-react-router-es6
15 silly lifecycle ps-redux@1.0.0~start: Args: [ '/d /s /c',
15 silly lifecycle   'npm-run-all --parallel test:watch open:src lint:watch' ]
16 silly lifecycle ps-redux@1.0.0~start: Returned: code: 1  signal: null
17 info lifecycle ps-redux@1.0.0~start: Failed to exec start script
18 verbose stack Error: ps-redux@1.0.0 start: `npm-run-all --parallel test:watch open:src lint:watch`
18 verbose stack Exit status 1
18 verbose stack     at EventEmitter.<anonymous> (D:\dev\windows\tools\nodejs-v5.9.0\node_modules\npm\lib\utils\lifecycle.js:239:16)
18 verbose stack     at emitTwo (events.js:100:13)
18 verbose stack     at EventEmitter.emit (events.js:185:7)
18 verbose stack     at ChildProcess.<anonymous> (D:\dev\windows\tools\nodejs-v5.9.0\node_modules\npm\lib\utils\spawn.js:24:14)
18 verbose stack     at emitTwo (events.js:100:13)
18 verbose stack     at ChildProcess.emit (events.js:185:7)
18 verbose stack     at maybeClose (internal/child_process.js:850:16)
18 verbose stack     at Process.ChildProcess._handle.onexit (internal/child_process.js:215:5)
19 verbose pkgid ps-redux@1.0.0
20 verbose cwd D:\projects\reference-applications\javascript-reference-application\frameworks-and-libraries\reactjs\react-redux-react-router-es6
21 error Windows_NT 10.0.14393
22 error argv "D:\\dev\\windows\\tools\\nodejs-v5.9.0\\node.exe" "D:\\dev\\windows\\tools\\nodejs-v5.9.0\\node_modules\\npm\\bin\\npm-cli.js" "start"
23 error node v5.9.0
24 error npm  v3.7.3
25 error code ELIFECYCLE
26 error ps-redux@1.0.0 start: `npm-run-all --parallel test:watch open:src lint:watch`
26 error Exit status 1
27 error Failed at the ps-redux@1.0.0 start script 'npm-run-all --parallel test:watch open:src lint:watch'.
27 error Make sure you have the latest version of node.js and npm installed.
27 error If you do, this is most likely a problem with the ps-redux package,
27 error not with npm itself.
27 error Tell the author that this fails on your system:
27 error     npm-run-all --parallel test:watch open:src lint:watch
27 error You can get information on how to open an issue for this project with:
27 error     npm bugs ps-redux
27 error Or if that isn't available, you can get their info via:
27 error     npm owner ls ps-redux
27 error There is likely additional logging output above.
28 verbose exit [ 1, true ]
